[32m2026-02-13 19:07:35 +0100[0m - dagster - [34mDEBUG[0m - __ASSET_JOB - 11adbe0f-082e-40a2-84be-44b5c40b3081 - 42015 - LOGS_CAPTURED - Started capturing logs in process (pid: 42015).
[32m2026-02-13 19:07:35 +0100[0m - dagster - [34mDEBUG[0m - __ASSET_JOB - 11adbe0f-082e-40a2-84be-44b5c40b3081 - 42015 - run_bronze_hr_employees - STEP_START - Started execution of step "run_bronze_hr_employees".
2026-02-13 19:07:36,174 - core.storage - INFO - Writing DataFrame to bronze/bronze_hr_employees_20260213T180736Z.parquet using adls backend
2026-02-13 19:07:36,174 - core.storage - INFO - Writing DataFrame (5000 rows, 23 columns) to ADLS: abfss://dairy-data-platform-data@woningmarktintelx9.dfs.core.windows.net/dairy-company-data-platform/data/bronze/bronze_hr_employees_20260213T180736Z.parquet
2026-02-13 19:07:36,393 - azure.core.pipeline.policies.http_logging_policy - INFO - Request URL: 'https://woningmarktintelx9.blob.core.windows.net/dairy-data-platform-data?restype=REDACTED'
Request method: 'GET'
Request headers:
    'x-ms-version': 'REDACTED'
    'Accept': 'application/xml'
    'User-Agent': 'azsdk-python-storage-dfs/12.23.0 Python/3.14.2 (macOS-15.6.1-arm64-arm-64bit-Mach-O)'
    'x-ms-date': 'REDACTED'
    'x-ms-client-request-id': 'e05e6dc4-0906-11f1-8bd3-765227f64d11'
    'Authorization': 'REDACTED'
No body was attached to the request
2026-02-13 19:07:36,545 - azure.core.pipeline.policies.http_logging_policy - INFO - Response status: 200
Response headers:
    'Content-Length': '0'
    'Last-Modified': 'Fri, 13 Feb 2026 14:49:37 GMT'
    'ETag': '"0x8DE6B0F1C0E1ABE"'
    'Server': 'Windows-Azure-Blob/1.0 Microsoft-HTTPAPI/2.0'
    'x-ms-request-id': '9657caf0-e01e-0008-7613-9d203e000000'
    'x-ms-client-request-id': 'e05e6dc4-0906-11f1-8bd3-765227f64d11'
    'x-ms-version': 'REDACTED'
    'x-ms-lease-status': 'REDACTED'
    'x-ms-lease-state': 'REDACTED'
    'x-ms-has-immutability-policy': 'REDACTED'
    'x-ms-has-legal-hold': 'REDACTED'
    'x-ms-immutable-storage-with-versioning-enabled': 'REDACTED'
    'x-ms-default-encryption-scope': 'REDACTED'
    'x-ms-deny-encryption-scope-override': 'REDACTED'
    'Date': 'Fri, 13 Feb 2026 18:07:35 GMT'
2026-02-13 19:07:36,546 - azure.core.pipeline.policies.http_logging_policy - INFO - Request URL: 'https://woningmarktintelx9.dfs.core.windows.net/dairy-data-platform-data/dairy-company-data-platform/data/bronze?resource=REDACTED'
Request method: 'PUT'
Request headers:
    'x-ms-version': 'REDACTED'
    'Accept': 'application/json'
    'User-Agent': 'azsdk-python-storage-dfs/12.23.0 Python/3.14.2 (macOS-15.6.1-arm64-arm-64bit-Mach-O)'
    'x-ms-date': 'REDACTED'
    'x-ms-client-request-id': 'e075ccda-0906-11f1-8bd3-765227f64d11'
    'Authorization': 'REDACTED'
No body was attached to the request
2026-02-13 19:07:36,802 - azure.core.pipeline.policies.http_logging_policy - INFO - Response status: 201
Response headers:
    'Last-Modified': 'Fri, 13 Feb 2026 18:07:36 GMT'
    'ETag': '"0x8DE6B2AC4D382D0"'
    'Server': 'Windows-Azure-HDFS/1.0 Microsoft-HTTPAPI/2.0'
    'x-ms-request-server-encrypted': 'REDACTED'
    'x-ms-request-id': 'dd8dcd4f-c01f-006d-5913-9d8e7a000000'
    'x-ms-version': 'REDACTED'
    'x-ms-client-request-id': 'e075ccda-0906-11f1-8bd3-765227f64d11'
    'Date': 'Fri, 13 Feb 2026 18:07:36 GMT'
    'Content-Length': '0'
2026-02-13 19:07:36,804 - azure.core.pipeline.policies.http_logging_policy - INFO - Request URL: 'https://woningmarktintelx9.dfs.core.windows.net/dairy-data-platform-data/dairy-company-data-platform/data/bronze/bronze_hr_employees_20260213T180736Z.parquet?resource=REDACTED'
Request method: 'PUT'
Request headers:
    'x-ms-version': 'REDACTED'
    'Accept': 'application/json'
    'User-Agent': 'azsdk-python-storage-dfs/12.23.0 Python/3.14.2 (macOS-15.6.1-arm64-arm-64bit-Mach-O)'
    'x-ms-date': 'REDACTED'
    'x-ms-client-request-id': 'e09d0c5a-0906-11f1-8bd3-765227f64d11'
    'Authorization': 'REDACTED'
No body was attached to the request
2026-02-13 19:07:36,855 - azure.core.pipeline.policies.http_logging_policy - INFO - Response status: 201
Response headers:
    'Last-Modified': 'Fri, 13 Feb 2026 18:07:36 GMT'
    'ETag': '"0x8DE6B2AC4DCFEA4"'
    'Server': 'Windows-Azure-HDFS/1.0 Microsoft-HTTPAPI/2.0'
    'x-ms-request-server-encrypted': 'REDACTED'
    'x-ms-request-id': 'dd8dcd5e-c01f-006d-6813-9d8e7a000000'
    'x-ms-version': 'REDACTED'
    'x-ms-client-request-id': 'e09d0c5a-0906-11f1-8bd3-765227f64d11'
    'Date': 'Fri, 13 Feb 2026 18:07:36 GMT'
    'Content-Length': '0'
2026-02-13 19:07:36,857 - azure.core.pipeline.policies.http_logging_policy - INFO - Request URL: 'https://woningmarktintelx9.dfs.core.windows.net/dairy-data-platform-data/dairy-company-data-platform/data/bronze/bronze_hr_employees_20260213T180736Z.parquet?action=REDACTED&position=REDACTED'
Request method: 'PATCH'
Request headers:
    'Content-Length': '223563'
    'x-ms-version': 'REDACTED'
    'Content-Type': 'application/json'
    'Accept': 'application/json'
    'User-Agent': 'azsdk-python-storage-dfs/12.23.0 Python/3.14.2 (macOS-15.6.1-arm64-arm-64bit-Mach-O)'
    'x-ms-date': 'REDACTED'
    'x-ms-client-request-id': 'e0a53574-0906-11f1-8bd3-765227f64d11'
    'Authorization': 'REDACTED'
A body is sent with the request
2026-02-13 19:07:36,964 - azure.core.pipeline.policies.http_logging_policy - INFO - Response status: 202
Response headers:
    'Server': 'Windows-Azure-HDFS/1.0 Microsoft-HTTPAPI/2.0'
    'x-ms-request-server-encrypted': 'REDACTED'
    'x-ms-request-id': 'dd8dcd67-c01f-006d-7113-9d8e7a000000'
    'x-ms-version': 'REDACTED'
    'x-ms-client-request-id': 'e0a53574-0906-11f1-8bd3-765227f64d11'
    'Date': 'Fri, 13 Feb 2026 18:07:36 GMT'
    'Content-Length': '0'
2026-02-13 19:07:36,966 - azure.core.pipeline.policies.http_logging_policy - INFO - Request URL: 'https://woningmarktintelx9.dfs.core.windows.net/dairy-data-platform-data/dairy-company-data-platform/data/bronze/bronze_hr_employees_20260213T180736Z.parquet?action=REDACTED&position=REDACTED&close=REDACTED'
Request method: 'PATCH'
Request headers:
    'If-Match': '"0x8DE6B2AC4DCFEA4"'
    'x-ms-version': 'REDACTED'
    'Accept': 'application/json'
    'User-Agent': 'azsdk-python-storage-dfs/12.23.0 Python/3.14.2 (macOS-15.6.1-arm64-arm-64bit-Mach-O)'
    'x-ms-date': 'REDACTED'
    'x-ms-client-request-id': 'e0b5bd86-0906-11f1-8bd3-765227f64d11'
    'Authorization': 'REDACTED'
No body was attached to the request
2026-02-13 19:07:37,142 - azure.core.pipeline.policies.http_logging_policy - INFO - Response status: 200
Response headers:
    'Last-Modified': 'Fri, 13 Feb 2026 18:07:37 GMT'
    'ETag': '"0x8DE6B2AC50877BC"'
    'Server': 'Windows-Azure-HDFS/1.0 Microsoft-HTTPAPI/2.0'
    'x-ms-request-server-encrypted': 'REDACTED'
    'x-ms-request-id': 'dd8dcd75-c01f-006d-7f13-9d8e7a000000'
    'x-ms-version': 'REDACTED'
    'x-ms-client-request-id': 'e0b5bd86-0906-11f1-8bd3-765227f64d11'
    'Date': 'Fri, 13 Feb 2026 18:07:36 GMT'
    'Content-Length': '0'
2026-02-13 19:07:37,143 - core.storage - INFO - Successfully uploaded 0 bytes to ADLS: abfss://dairy-data-platform-data@woningmarktintelx9.dfs.core.windows.net/dairy-company-data-platform/data/bronze/bronze_hr_employees_20260213T180736Z.parquet
2026-02-13 19:07:37,148 - core.storage - INFO - ADLS write successful: abfss://dairy-data-platform-data@woningmarktintelx9.dfs.core.windows.net/dairy-company-data-platform/data/bronze/bronze_hr_employees_20260213T180736Z.parquet
2026-02-13 19:07:37,154 - core.storage - INFO - Successfully wrote 50 rows to local storage: /Users/taniskarigar/test-polster/dairy-company-data-platform/data/bronze/sample_bronze_hr_employees_20260213T180736Z.parquet
[32m2026-02-13 19:07:37 +0100[0m - dagster - [34mDEBUG[0m - __ASSET_JOB - 11adbe0f-082e-40a2-84be-44b5c40b3081 - 42015 - run_bronze_hr_employees - STEP_OUTPUT - Yielded output "result" of type "Any". (Type check passed).
[32m2026-02-13 19:07:37 +0100[0m - dagster - [34mDEBUG[0m - __ASSET_JOB - 11adbe0f-082e-40a2-84be-44b5c40b3081 - run_bronze_hr_employees - Writing file at: /Users/taniskarigar/test-polster/dairy-company-data-platform/.dagster/storage/run_bronze_hr_employees using PickledObjectFilesystemIOManager...
2026-02-13 19:07:37,176 - alembic.runtime.migration - INFO - Context impl SQLiteImpl.
2026-02-13 19:07:37,176 - alembic.runtime.migration - INFO - Will assume non-transactional DDL.
[32m2026-02-13 19:07:37 +0100[0m - dagster - [34mDEBUG[0m - __ASSET_JOB - 11adbe0f-082e-40a2-84be-44b5c40b3081 - 42015 - run_bronze_hr_employees - ASSET_MATERIALIZATION - Materialized value run_bronze_hr_employees.
[32m2026-02-13 19:07:37 +0100[0m - dagster - [34mDEBUG[0m - __ASSET_JOB - 11adbe0f-082e-40a2-84be-44b5c40b3081 - 42015 - run_bronze_hr_employees - HANDLED_OUTPUT - Handled output "result" using IO manager "io_manager"
[32m2026-02-13 19:07:37 +0100[0m - dagster - [34mDEBUG[0m - __ASSET_JOB - 11adbe0f-082e-40a2-84be-44b5c40b3081 - 42015 - run_bronze_hr_employees - STEP_SUCCESS - Finished execution of step "run_bronze_hr_employees" in 1.27s.
