[32m2026-02-13 16:57:15 +0100[0m - dagster - [34mDEBUG[0m - __ASSET_JOB - b68ca671-c747-4865-a7cd-221c8cfcff61 - 31908 - LOGS_CAPTURED - Started capturing logs in process (pid: 31908).
[32m2026-02-13 16:57:15 +0100[0m - dagster - [34mDEBUG[0m - __ASSET_JOB - b68ca671-c747-4865-a7cd-221c8cfcff61 - 31908 - run_bronze_bronze_hr_employees - STEP_START - Started execution of step "run_bronze_bronze_hr_employees".
2026-02-13 16:57:15,168 - core.storage - INFO - Writing DataFrame to bronze/bronze_bronze_hr_employees_20260213T155715Z.parquet using adls backend
2026-02-13 16:57:15,168 - core.storage - INFO - Writing DataFrame (3 rows, 5 columns) to ADLS: abfss://dairy-data-platform-data@woningmarktintelx9.dfs.core.windows.net/dairy-company-data-platform/data/bronze/bronze_bronze_hr_employees_20260213T155715Z.parquet
2026-02-13 16:57:15,327 - azure.core.pipeline.policies.http_logging_policy - INFO - Request URL: 'https://woningmarktintelx9.blob.core.windows.net/dairy-data-platform-data?restype=REDACTED'
Request method: 'GET'
Request headers:
    'x-ms-version': 'REDACTED'
    'Accept': 'application/xml'
    'User-Agent': 'azsdk-python-storage-dfs/12.23.0 Python/3.14.2 (macOS-15.6.1-arm64-arm-64bit-Mach-O)'
    'x-ms-date': 'REDACTED'
    'x-ms-client-request-id': 'aaa670e4-08f4-11f1-ae53-765227f64d11'
    'Authorization': 'REDACTED'
No body was attached to the request
2026-02-13 16:57:15,475 - azure.core.pipeline.policies.http_logging_policy - INFO - Response status: 200
Response headers:
    'Content-Length': '0'
    'Last-Modified': 'Fri, 13 Feb 2026 14:49:37 GMT'
    'ETag': '"0x8DE6B0F1C0E1ABE"'
    'Server': 'Windows-Azure-Blob/1.0 Microsoft-HTTPAPI/2.0'
    'x-ms-request-id': 'de0a5609-601e-0074-5401-9d0ec1000000'
    'x-ms-client-request-id': 'aaa670e4-08f4-11f1-ae53-765227f64d11'
    'x-ms-version': 'REDACTED'
    'x-ms-lease-status': 'REDACTED'
    'x-ms-lease-state': 'REDACTED'
    'x-ms-has-immutability-policy': 'REDACTED'
    'x-ms-has-legal-hold': 'REDACTED'
    'x-ms-immutable-storage-with-versioning-enabled': 'REDACTED'
    'x-ms-default-encryption-scope': 'REDACTED'
    'x-ms-deny-encryption-scope-override': 'REDACTED'
    'Date': 'Fri, 13 Feb 2026 15:57:14 GMT'
2026-02-13 16:57:15,477 - azure.core.pipeline.policies.http_logging_policy - INFO - Request URL: 'https://woningmarktintelx9.dfs.core.windows.net/dairy-data-platform-data/dairy-company-data-platform/data/bronze?resource=REDACTED'
Request method: 'PUT'
Request headers:
    'x-ms-version': 'REDACTED'
    'Accept': 'application/json'
    'User-Agent': 'azsdk-python-storage-dfs/12.23.0 Python/3.14.2 (macOS-15.6.1-arm64-arm-64bit-Mach-O)'
    'x-ms-date': 'REDACTED'
    'x-ms-client-request-id': 'aabd4daa-08f4-11f1-ae53-765227f64d11'
    'Authorization': 'REDACTED'
No body was attached to the request
2026-02-13 16:57:15,632 - azure.core.pipeline.policies.http_logging_policy - INFO - Response status: 201
Response headers:
    'Last-Modified': 'Fri, 13 Feb 2026 15:57:15 GMT'
    'ETag': '"0x8DE6B188F06DE00"'
    'Server': 'Windows-Azure-HDFS/1.0 Microsoft-HTTPAPI/2.0'
    'x-ms-request-server-encrypted': 'REDACTED'
    'x-ms-request-id': '42ea58da-d01f-004e-3101-9d14b9000000'
    'x-ms-version': 'REDACTED'
    'x-ms-client-request-id': 'aabd4daa-08f4-11f1-ae53-765227f64d11'
    'Date': 'Fri, 13 Feb 2026 15:57:15 GMT'
    'Content-Length': '0'
2026-02-13 16:57:15,633 - azure.core.pipeline.policies.http_logging_policy - INFO - Request URL: 'https://woningmarktintelx9.dfs.core.windows.net/dairy-data-platform-data/dairy-company-data-platform/data/bronze/bronze_bronze_hr_employees_20260213T155715Z.parquet?resource=REDACTED'
Request method: 'PUT'
Request headers:
    'x-ms-version': 'REDACTED'
    'Accept': 'application/json'
    'User-Agent': 'azsdk-python-storage-dfs/12.23.0 Python/3.14.2 (macOS-15.6.1-arm64-arm-64bit-Mach-O)'
    'x-ms-date': 'REDACTED'
    'x-ms-client-request-id': 'aad52632-08f4-11f1-ae53-765227f64d11'
    'Authorization': 'REDACTED'
No body was attached to the request
2026-02-13 16:57:15,673 - azure.core.pipeline.policies.http_logging_policy - INFO - Response status: 201
Response headers:
    'Last-Modified': 'Fri, 13 Feb 2026 15:57:15 GMT'
    'ETag': '"0x8DE6B188F0E13A4"'
    'Server': 'Windows-Azure-HDFS/1.0 Microsoft-HTTPAPI/2.0'
    'x-ms-request-server-encrypted': 'REDACTED'
    'x-ms-request-id': '42ea58e0-d01f-004e-3701-9d14b9000000'
    'x-ms-version': 'REDACTED'
    'x-ms-client-request-id': 'aad52632-08f4-11f1-ae53-765227f64d11'
    'Date': 'Fri, 13 Feb 2026 15:57:15 GMT'
    'Content-Length': '0'
2026-02-13 16:57:15,675 - azure.core.pipeline.policies.http_logging_policy - INFO - Request URL: 'https://woningmarktintelx9.dfs.core.windows.net/dairy-data-platform-data/dairy-company-data-platform/data/bronze/bronze_bronze_hr_employees_20260213T155715Z.parquet?action=REDACTED&position=REDACTED'
Request method: 'PATCH'
Request headers:
    'Content-Length': '2083'
    'x-ms-version': 'REDACTED'
    'Content-Type': 'application/json'
    'Accept': 'application/json'
    'User-Agent': 'azsdk-python-storage-dfs/12.23.0 Python/3.14.2 (macOS-15.6.1-arm64-arm-64bit-Mach-O)'
    'x-ms-date': 'REDACTED'
    'x-ms-client-request-id': 'aadb7460-08f4-11f1-ae53-765227f64d11'
    'Authorization': 'REDACTED'
A body is sent with the request
2026-02-13 16:57:15,708 - azure.core.pipeline.policies.http_logging_policy - INFO - Response status: 202
Response headers:
    'Server': 'Windows-Azure-HDFS/1.0 Microsoft-HTTPAPI/2.0'
    'x-ms-request-server-encrypted': 'REDACTED'
    'x-ms-request-id': '42ea58e4-d01f-004e-3b01-9d14b9000000'
    'x-ms-version': 'REDACTED'
    'x-ms-client-request-id': 'aadb7460-08f4-11f1-ae53-765227f64d11'
    'Date': 'Fri, 13 Feb 2026 15:57:15 GMT'
    'Content-Length': '0'
2026-02-13 16:57:15,709 - azure.core.pipeline.policies.http_logging_policy - INFO - Request URL: 'https://woningmarktintelx9.dfs.core.windows.net/dairy-data-platform-data/dairy-company-data-platform/data/bronze/bronze_bronze_hr_employees_20260213T155715Z.parquet?action=REDACTED&position=REDACTED&close=REDACTED'
Request method: 'PATCH'
Request headers:
    'If-Match': '"0x8DE6B188F0E13A4"'
    'x-ms-version': 'REDACTED'
    'Accept': 'application/json'
    'User-Agent': 'azsdk-python-storage-dfs/12.23.0 Python/3.14.2 (macOS-15.6.1-arm64-arm-64bit-Mach-O)'
    'x-ms-date': 'REDACTED'
    'x-ms-client-request-id': 'aae0c640-08f4-11f1-ae53-765227f64d11'
    'Authorization': 'REDACTED'
No body was attached to the request
2026-02-13 16:57:15,772 - azure.core.pipeline.policies.http_logging_policy - INFO - Response status: 200
Response headers:
    'Last-Modified': 'Fri, 13 Feb 2026 15:57:15 GMT'
    'ETag': '"0x8DE6B188F1CCC64"'
    'Server': 'Windows-Azure-HDFS/1.0 Microsoft-HTTPAPI/2.0'
    'x-ms-request-server-encrypted': 'REDACTED'
    'x-ms-request-id': '42ea58ea-d01f-004e-4101-9d14b9000000'
    'x-ms-version': 'REDACTED'
    'x-ms-client-request-id': 'aae0c640-08f4-11f1-ae53-765227f64d11'
    'Date': 'Fri, 13 Feb 2026 15:57:15 GMT'
    'Content-Length': '0'
2026-02-13 16:57:15,773 - core.storage - INFO - Successfully uploaded 0 bytes to ADLS: abfss://dairy-data-platform-data@woningmarktintelx9.dfs.core.windows.net/dairy-company-data-platform/data/bronze/bronze_bronze_hr_employees_20260213T155715Z.parquet
2026-02-13 16:57:15,778 - core.storage - INFO - ADLS write successful: abfss://dairy-data-platform-data@woningmarktintelx9.dfs.core.windows.net/dairy-company-data-platform/data/bronze/bronze_bronze_hr_employees_20260213T155715Z.parquet
2026-02-13 16:57:15,781 - core.storage - INFO - Successfully wrote 3 rows to local storage: /Users/taniskarigar/test-polster/dairy-company-data-platform/data/bronze/sample_bronze_bronze_hr_employees_20260213T155715Z.parquet
[32m2026-02-13 16:57:15 +0100[0m - dagster - [34mDEBUG[0m - __ASSET_JOB - b68ca671-c747-4865-a7cd-221c8cfcff61 - 31908 - run_bronze_bronze_hr_employees - STEP_OUTPUT - Yielded output "result" of type "Any". (Type check passed).
[32m2026-02-13 16:57:15 +0100[0m - dagster - [34mDEBUG[0m - __ASSET_JOB - b68ca671-c747-4865-a7cd-221c8cfcff61 - run_bronze_bronze_hr_employees - Writing file at: /Users/taniskarigar/test-polster/dairy-company-data-platform/.dagster/storage/run_bronze_bronze_hr_employees using PickledObjectFilesystemIOManager...
2026-02-13 16:57:15,802 - alembic.runtime.migration - INFO - Context impl SQLiteImpl.
2026-02-13 16:57:15,802 - alembic.runtime.migration - INFO - Will assume non-transactional DDL.
[32m2026-02-13 16:57:15 +0100[0m - dagster - [34mDEBUG[0m - __ASSET_JOB - b68ca671-c747-4865-a7cd-221c8cfcff61 - 31908 - run_bronze_bronze_hr_employees - ASSET_MATERIALIZATION - Materialized value run_bronze_bronze_hr_employees.
[32m2026-02-13 16:57:15 +0100[0m - dagster - [34mDEBUG[0m - __ASSET_JOB - b68ca671-c747-4865-a7cd-221c8cfcff61 - 31908 - run_bronze_bronze_hr_employees - HANDLED_OUTPUT - Handled output "result" using IO manager "io_manager"
[32m2026-02-13 16:57:15 +0100[0m - dagster - [34mDEBUG[0m - __ASSET_JOB - b68ca671-c747-4865-a7cd-221c8cfcff61 - 31908 - run_bronze_bronze_hr_employees - STEP_SUCCESS - Finished execution of step "run_bronze_bronze_hr_employees" in 664ms.
