[32m2026-02-13 16:53:42 +0100[0m - dagster - [34mDEBUG[0m - __ASSET_JOB - af37f76f-9ea1-4ea8-850e-c0209725dfc5 - 31654 - LOGS_CAPTURED - Started capturing logs in process (pid: 31654).
[32m2026-02-13 16:53:42 +0100[0m - dagster - [34mDEBUG[0m - __ASSET_JOB - af37f76f-9ea1-4ea8-850e-c0209725dfc5 - 31654 - run_bronze_bronze_hr_employees - STEP_START - Started execution of step "run_bronze_bronze_hr_employees".
2026-02-13 16:53:42,362 - core.storage - INFO - Writing DataFrame to bronze/bronze_bronze_hr_employees_20260213T155342Z.parquet using adls backend
2026-02-13 16:53:42,362 - core.storage - INFO - Writing DataFrame (3 rows, 5 columns) to ADLS: abfss://dairy-data-platform-data@woningmarktintelx9.dfs.core.windows.net/dairy-company-data-platform/data/bronze/bronze_bronze_hr_employees_20260213T155342Z.parquet
2026-02-13 16:53:42,581 - azure.core.pipeline.policies.http_logging_policy - INFO - Request URL: 'https://woningmarktintelx9.blob.core.windows.net/dairy-data-platform-data?restype=REDACTED'
Request method: 'GET'
Request headers:
    'x-ms-version': 'REDACTED'
    'Accept': 'application/xml'
    'User-Agent': 'azsdk-python-storage-dfs/12.23.0 Python/3.14.2 (macOS-15.6.1-arm64-arm-64bit-Mach-O)'
    'x-ms-date': 'REDACTED'
    'x-ms-client-request-id': '2bd7f800-08f4-11f1-95d6-765227f64d11'
    'Authorization': 'REDACTED'
No body was attached to the request
2026-02-13 16:53:42,755 - azure.core.pipeline.policies.http_logging_policy - INFO - Response status: 200
Response headers:
    'Content-Length': '0'
    'Last-Modified': 'Fri, 13 Feb 2026 14:49:37 GMT'
    'ETag': '"0x8DE6B0F1C0E1ABE"'
    'Server': 'Windows-Azure-Blob/1.0 Microsoft-HTTPAPI/2.0'
    'x-ms-request-id': 'e46b56e4-401e-004c-6f00-9daa01000000'
    'x-ms-client-request-id': '2bd7f800-08f4-11f1-95d6-765227f64d11'
    'x-ms-version': 'REDACTED'
    'x-ms-lease-status': 'REDACTED'
    'x-ms-lease-state': 'REDACTED'
    'x-ms-has-immutability-policy': 'REDACTED'
    'x-ms-has-legal-hold': 'REDACTED'
    'x-ms-immutable-storage-with-versioning-enabled': 'REDACTED'
    'x-ms-default-encryption-scope': 'REDACTED'
    'x-ms-deny-encryption-scope-override': 'REDACTED'
    'Date': 'Fri, 13 Feb 2026 15:53:42 GMT'
2026-02-13 16:53:42,756 - azure.core.pipeline.policies.http_logging_policy - INFO - Request URL: 'https://woningmarktintelx9.dfs.core.windows.net/dairy-data-platform-data/dairy-company-data-platform/data/bronze?resource=REDACTED'
Request method: 'PUT'
Request headers:
    'x-ms-version': 'REDACTED'
    'Accept': 'application/json'
    'User-Agent': 'azsdk-python-storage-dfs/12.23.0 Python/3.14.2 (macOS-15.6.1-arm64-arm-64bit-Mach-O)'
    'x-ms-date': 'REDACTED'
    'x-ms-client-request-id': '2bf2b03c-08f4-11f1-95d6-765227f64d11'
    'Authorization': 'REDACTED'
No body was attached to the request
2026-02-13 16:53:42,942 - azure.core.pipeline.policies.http_logging_policy - INFO - Response status: 201
Response headers:
    'Last-Modified': 'Fri, 13 Feb 2026 15:53:42 GMT'
    'ETag': '"0x8DE6B18104145F0"'
    'Server': 'Windows-Azure-HDFS/1.0 Microsoft-HTTPAPI/2.0'
    'x-ms-request-server-encrypted': 'REDACTED'
    'x-ms-request-id': 'f4f1a31a-a01f-0009-4600-9d7fe2000000'
    'x-ms-version': 'REDACTED'
    'x-ms-client-request-id': '2bf2b03c-08f4-11f1-95d6-765227f64d11'
    'Date': 'Fri, 13 Feb 2026 15:53:42 GMT'
    'Content-Length': '0'
2026-02-13 16:53:42,944 - azure.core.pipeline.policies.http_logging_policy - INFO - Request URL: 'https://woningmarktintelx9.dfs.core.windows.net/dairy-data-platform-data/dairy-company-data-platform/data/bronze/bronze_bronze_hr_employees_20260213T155342Z.parquet?resource=REDACTED'
Request method: 'PUT'
Request headers:
    'x-ms-version': 'REDACTED'
    'Accept': 'application/json'
    'User-Agent': 'azsdk-python-storage-dfs/12.23.0 Python/3.14.2 (macOS-15.6.1-arm64-arm-64bit-Mach-O)'
    'x-ms-date': 'REDACTED'
    'x-ms-client-request-id': '2c0f5b42-08f4-11f1-95d6-765227f64d11'
    'Authorization': 'REDACTED'
No body was attached to the request
2026-02-13 16:53:42,986 - azure.core.pipeline.policies.http_logging_policy - INFO - Response status: 201
Response headers:
    'Last-Modified': 'Fri, 13 Feb 2026 15:53:42 GMT'
    'ETag': '"0x8DE6B1810484280"'
    'Server': 'Windows-Azure-HDFS/1.0 Microsoft-HTTPAPI/2.0'
    'x-ms-request-server-encrypted': 'REDACTED'
    'x-ms-request-id': 'f4f1a322-a01f-0009-4e00-9d7fe2000000'
    'x-ms-version': 'REDACTED'
    'x-ms-client-request-id': '2c0f5b42-08f4-11f1-95d6-765227f64d11'
    'Date': 'Fri, 13 Feb 2026 15:53:42 GMT'
    'Content-Length': '0'
2026-02-13 16:53:42,987 - azure.core.pipeline.policies.http_logging_policy - INFO - Request URL: 'https://woningmarktintelx9.dfs.core.windows.net/dairy-data-platform-data/dairy-company-data-platform/data/bronze/bronze_bronze_hr_employees_20260213T155342Z.parquet?action=REDACTED&position=REDACTED'
Request method: 'PATCH'
Request headers:
    'Content-Length': '2083'
    'x-ms-version': 'REDACTED'
    'Content-Type': 'application/json'
    'Accept': 'application/json'
    'User-Agent': 'azsdk-python-storage-dfs/12.23.0 Python/3.14.2 (macOS-15.6.1-arm64-arm-64bit-Mach-O)'
    'x-ms-date': 'REDACTED'
    'x-ms-client-request-id': '2c15f8ee-08f4-11f1-95d6-765227f64d11'
    'Authorization': 'REDACTED'
A body is sent with the request
2026-02-13 16:53:43,021 - azure.core.pipeline.policies.http_logging_policy - INFO - Response status: 202
Response headers:
    'Server': 'Windows-Azure-HDFS/1.0 Microsoft-HTTPAPI/2.0'
    'x-ms-request-server-encrypted': 'REDACTED'
    'x-ms-request-id': 'f4f1a32f-a01f-0009-5b00-9d7fe2000000'
    'x-ms-version': 'REDACTED'
    'x-ms-client-request-id': '2c15f8ee-08f4-11f1-95d6-765227f64d11'
    'Date': 'Fri, 13 Feb 2026 15:53:42 GMT'
    'Content-Length': '0'
2026-02-13 16:53:43,022 - azure.core.pipeline.policies.http_logging_policy - INFO - Request URL: 'https://woningmarktintelx9.dfs.core.windows.net/dairy-data-platform-data/dairy-company-data-platform/data/bronze/bronze_bronze_hr_employees_20260213T155342Z.parquet?action=REDACTED&position=REDACTED&close=REDACTED'
Request method: 'PATCH'
Request headers:
    'If-Match': '"0x8DE6B1810484280"'
    'x-ms-version': 'REDACTED'
    'Accept': 'application/json'
    'User-Agent': 'azsdk-python-storage-dfs/12.23.0 Python/3.14.2 (macOS-15.6.1-arm64-arm-64bit-Mach-O)'
    'x-ms-date': 'REDACTED'
    'x-ms-client-request-id': '2c1b4628-08f4-11f1-95d6-765227f64d11'
    'Authorization': 'REDACTED'
No body was attached to the request
2026-02-13 16:53:43,078 - azure.core.pipeline.policies.http_logging_policy - INFO - Response status: 200
Response headers:
    'Last-Modified': 'Fri, 13 Feb 2026 15:53:43 GMT'
    'ETag': '"0x8DE6B18105658F8"'
    'Server': 'Windows-Azure-HDFS/1.0 Microsoft-HTTPAPI/2.0'
    'x-ms-request-server-encrypted': 'REDACTED'
    'x-ms-request-id': 'f4f1a33b-a01f-0009-6700-9d7fe2000000'
    'x-ms-version': 'REDACTED'
    'x-ms-client-request-id': '2c1b4628-08f4-11f1-95d6-765227f64d11'
    'Date': 'Fri, 13 Feb 2026 15:53:42 GMT'
    'Content-Length': '0'
2026-02-13 16:53:43,080 - core.storage - INFO - Successfully uploaded 0 bytes to ADLS: abfss://dairy-data-platform-data@woningmarktintelx9.dfs.core.windows.net/dairy-company-data-platform/data/bronze/bronze_bronze_hr_employees_20260213T155342Z.parquet
2026-02-13 16:53:43,086 - core.storage - INFO - ADLS write successful: abfss://dairy-data-platform-data@woningmarktintelx9.dfs.core.windows.net/dairy-company-data-platform/data/bronze/bronze_bronze_hr_employees_20260213T155342Z.parquet
2026-02-13 16:53:43,091 - core.storage - INFO - Successfully wrote 3 rows to local storage: /Users/taniskarigar/test-polster/dairy-company-data-platform/data/bronze/sample_bronze_bronze_hr_employees_20260213T155342Z.parquet
[32m2026-02-13 16:53:43 +0100[0m - dagster - [34mDEBUG[0m - __ASSET_JOB - af37f76f-9ea1-4ea8-850e-c0209725dfc5 - 31654 - run_bronze_bronze_hr_employees - STEP_OUTPUT - Yielded output "result" of type "Any". (Type check passed).
[32m2026-02-13 16:53:43 +0100[0m - dagster - [34mDEBUG[0m - __ASSET_JOB - af37f76f-9ea1-4ea8-850e-c0209725dfc5 - run_bronze_bronze_hr_employees - Writing file at: /Users/taniskarigar/test-polster/dairy-company-data-platform/.dagster/storage/run_bronze_bronze_hr_employees using PickledObjectFilesystemIOManager...
2026-02-13 16:53:43,113 - alembic.runtime.migration - INFO - Context impl SQLiteImpl.
2026-02-13 16:53:43,113 - alembic.runtime.migration - INFO - Will assume non-transactional DDL.
[32m2026-02-13 16:53:43 +0100[0m - dagster - [34mDEBUG[0m - __ASSET_JOB - af37f76f-9ea1-4ea8-850e-c0209725dfc5 - 31654 - run_bronze_bronze_hr_employees - ASSET_MATERIALIZATION - Materialized value run_bronze_bronze_hr_employees.
[32m2026-02-13 16:53:43 +0100[0m - dagster - [34mDEBUG[0m - __ASSET_JOB - af37f76f-9ea1-4ea8-850e-c0209725dfc5 - 31654 - run_bronze_bronze_hr_employees - HANDLED_OUTPUT - Handled output "result" using IO manager "io_manager"
[32m2026-02-13 16:53:43 +0100[0m - dagster - [34mDEBUG[0m - __ASSET_JOB - af37f76f-9ea1-4ea8-850e-c0209725dfc5 - 31654 - run_bronze_bronze_hr_employees - STEP_SUCCESS - Finished execution of step "run_bronze_bronze_hr_employees" in 792ms.
